<?xml version="1.0" encoding="UTF-8"?>
<!-- Generated by org.testng.reporters.JUnitXMLReporter -->
<testsuite hostname="GLB5450" name="Default test" tests="8" failures="0" timestamp="13 Mar 2015 14:19:30 GMT" time="0.043" errors="0">
  <testcase name="@BeforeMethod before" time="0.0" classname="com.globant.training.tests.Tests">
    <failure type="org.testng.TestNGException" message="
Parameter &amp;apos;browser&amp;apos; is required by @Configuration on method before but has not been marked @Optional or defined
in C:\Users\matias.caruso\AppData\Local\Temp\testng-eclipse--1800965623\testng-customsuite.xml">
      <![CDATA[org.testng.TestNGException: 
Parameter 'browser' is required by @Configuration on method before but has not been marked @Optional or defined
in C:\Users\matias.caruso\AppData\Local\Temp\testng-eclipse--1800965623\testng-customsuite.xml
	at org.testng.internal.Parameters.createParameters(Parameters.java:155)
	at org.testng.internal.Parameters.createParameters(Parameters.java:358)
	at org.testng.internal.Parameters.createConfigurationParameters(Parameters.java:86)
	at org.testng.internal.Invoker.invokeConfigurations(Invoker.java:199)
	at org.testng.internal.Invoker.invokeMethod(Invoker.java:653)
	at org.testng.internal.Invoker.invokeTestMethod(Invoker.java:901)
	at org.testng.internal.Invoker.invokeTestMethods(Invoker.java:1231)
	at org.testng.internal.TestMethodWorker.invokeTestMethods(TestMethodWorker.java:127)
	at org.testng.internal.TestMethodWorker.run(TestMethodWorker.java:111)
	at org.testng.TestRunner.privateRun(TestRunner.java:767)
	at org.testng.TestRunner.run(TestRunner.java:617)
	at org.testng.SuiteRunner.runTest(SuiteRunner.java:334)
	at org.testng.SuiteRunner.runSequentially(SuiteRunner.java:329)
	at org.testng.SuiteRunner.privateRun(SuiteRunner.java:291)
	at org.testng.SuiteRunner.run(SuiteRunner.java:240)
	at org.testng.SuiteRunnerWorker.runSuite(SuiteRunnerWorker.java:52)
	at org.testng.SuiteRunnerWorker.run(SuiteRunnerWorker.java:86)
	at org.testng.TestNG.runSuitesSequentially(TestNG.java:1224)
	at org.testng.TestNG.runSuitesLocally(TestNG.java:1149)
	at org.testng.TestNG.run(TestNG.java:1057)
	at org.testng.remote.RemoteTestNG.run(RemoteTestNG.java:111)
	at org.testng.remote.RemoteTestNG.initAndRun(RemoteTestNG.java:204)
	at org.testng.remote.RemoteTestNG.main(RemoteTestNG.java:175)
]]>
    </failure>
  </testcase> <!-- @BeforeMethod before -->
  <testcase name="@AfterMethod after" time="0.0" classname="com.globant.training.tests.Tests">
    <skipped/>
  </testcase> <!-- @AfterMethod after -->
  <testcase name="@BeforeMethod before" time="0.0" classname="com.globant.training.tests.Tests">
    <skipped/>
  </testcase> <!-- @BeforeMethod before -->
  <testcase name="@AfterMethod after" time="0.0" classname="com.globant.training.tests.Tests">
    <skipped/>
  </testcase> <!-- @AfterMethod after -->
  <testcase name="@BeforeMethod before" time="0.0" classname="com.globant.training.tests.Tests">
    <skipped/>
  </testcase> <!-- @BeforeMethod before -->
  <testcase name="@AfterMethod after" time="0.0" classname="com.globant.training.tests.Tests">
    <skipped/>
  </testcase> <!-- @AfterMethod after -->
  <testcase name="@BeforeMethod before" time="0.0" classname="com.globant.training.tests.Tests">
    <skipped/>
  </testcase> <!-- @BeforeMethod before -->
  <testcase name="@AfterMethod after" time="0.0" classname="com.globant.training.tests.Tests">
    <skipped/>
  </testcase> <!-- @AfterMethod after -->
  <testcase name="@BeforeMethod before" time="0.0" classname="com.globant.training.tests.Tests">
    <skipped/>
  </testcase> <!-- @BeforeMethod before -->
  <testcase name="@AfterMethod after" time="0.0" classname="com.globant.training.tests.Tests">
    <skipped/>
  </testcase> <!-- @AfterMethod after -->
  <testcase name="@BeforeMethod before" time="0.0" classname="com.globant.training.tests.Tests">
    <skipped/>
  </testcase> <!-- @BeforeMethod before -->
  <testcase name="@AfterMethod after" time="0.0" classname="com.globant.training.tests.Tests">
    <skipped/>
  </testcase> <!-- @AfterMethod after -->
  <testcase name="@BeforeMethod before" time="0.0" classname="com.globant.training.tests.Tests">
    <skipped/>
  </testcase> <!-- @BeforeMethod before -->
  <testcase name="@AfterMethod after" time="0.0" classname="com.globant.training.tests.Tests">
    <skipped/>
  </testcase> <!-- @AfterMethod after -->
  <testcase name="@BeforeMethod before" time="0.0" classname="com.globant.training.tests.Tests">
    <skipped/>
  </testcase> <!-- @BeforeMethod before -->
  <testcase name="@AfterMethod after" time="0.0" classname="com.globant.training.tests.Tests">
    <skipped/>
  </testcase> <!-- @AfterMethod after -->
  <testcase name="errorSignIn" time="0.004" classname="com.globant.training.tests.Tests">
    <skipped/>
  </testcase> <!-- errorSignIn -->
  <testcase name="falseSearch" time="0.0" classname="com.globant.training.tests.Tests">
    <skipped/>
  </testcase> <!-- falseSearch -->
  <testcase name="hotel" time="0.0" classname="com.globant.training.tests.Tests">
    <skipped/>
  </testcase> <!-- hotel -->
  <testcase name="logout" time="0.001" classname="com.globant.training.tests.Tests">
    <skipped/>
  </testcase> <!-- logout -->
  <testcase name="search" time="0.0" classname="com.globant.training.tests.Tests">
    <skipped/>
  </testcase> <!-- search -->
  <testcase name="searchSignIn" time="0.0" classname="com.globant.training.tests.Tests">
    <skipped/>
  </testcase> <!-- searchSignIn -->
  <testcase name="signIn" time="0.001" classname="com.globant.training.tests.Tests">
    <skipped/>
  </testcase> <!-- signIn -->
  <testcase name="trueSearch" time="0.0" classname="com.globant.training.tests.Tests">
    <skipped/>
  </testcase> <!-- trueSearch -->
</testsuite> <!-- Default test -->
